[debug] [2023-11-18T21:25:09.966Z] ----------------------------------------------------------------------
[debug] [2023-11-18T21:25:09.968Z] Command:       /usr/local/share/nvm/versions/node/v18.0.0/bin/node /workspaces/charlie-website/node_modules/.bin/firebase functions:shell
[debug] [2023-11-18T21:25:09.968Z] CLI Version:   12.8.1
[debug] [2023-11-18T21:25:09.969Z] Platform:      linux
[debug] [2023-11-18T21:25:09.969Z] Node Version:  v18.0.0
[debug] [2023-11-18T21:25:09.969Z] Time:          Sat Nov 18 2023 21:25:09 GMT+0000 (Coordinated Universal Time)
[debug] [2023-11-18T21:25:09.969Z] Env Overrides: GITHUB_API_URL
[debug] [2023-11-18T21:25:09.969Z] ----------------------------------------------------------------------
[debug] 
[debug] [2023-11-18T21:25:10.035Z] > command requires scopes: ["email","openid","https://www.googleapis.com/auth/cloudplatformprojects.readonly","https://www.googleapis.com/auth/firebase","https://www.googleapis.com/auth/cloud-platform"]
[debug] [2023-11-18T21:25:10.035Z] > authorizing via signed-in user (charlielewis855@gmail.com)
[debug] [2023-11-18T21:25:10.036Z] [iam] checking project charlie-website-2550b for permissions ["firebase.projects.get"]
[debug] [2023-11-18T21:25:10.037Z] >>> [apiv2][query] POST https://cloudresourcemanager.googleapis.com/v1/projects/charlie-website-2550b:testIamPermissions [none]
[debug] [2023-11-18T21:25:10.037Z] >>> [apiv2][(partial)header] POST https://cloudresourcemanager.googleapis.com/v1/projects/charlie-website-2550b:testIamPermissions x-goog-quota-user=projects/charlie-website-2550b
[debug] [2023-11-18T21:25:10.038Z] >>> [apiv2][body] POST https://cloudresourcemanager.googleapis.com/v1/projects/charlie-website-2550b:testIamPermissions {"permissions":["firebase.projects.get"]}
[debug] [2023-11-18T21:25:10.666Z] <<< [apiv2][status] POST https://cloudresourcemanager.googleapis.com/v1/projects/charlie-website-2550b:testIamPermissions 200
[debug] [2023-11-18T21:25:10.666Z] <<< [apiv2][body] POST https://cloudresourcemanager.googleapis.com/v1/projects/charlie-website-2550b:testIamPermissions {"permissions":["firebase.projects.get"]}
[debug] [2023-11-18T21:25:10.669Z] [functions] Functions Emulator only supports listening on one address (127.0.0.1). Not listening on ::1
[debug] [2023-11-18T21:25:10.670Z] defaultcredentials: writing to file /home/codespace/.config/firebase/charlielewis855_gmail_com_application_default_credentials.json
[debug] [2023-11-18T21:25:10.671Z] DEBUG: Setting GAC to /home/codespace/.config/firebase/charlielewis855_gmail_com_application_default_credentials.json
[debug] [2023-11-18T21:25:10.672Z] >>> [apiv2][query] GET https://firebase.googleapis.com/v1beta1/projects/charlie-website-2550b/adminSdkConfig [none]
[debug] [2023-11-18T21:25:10.869Z] <<< [apiv2][status] GET https://firebase.googleapis.com/v1beta1/projects/charlie-website-2550b/adminSdkConfig 200
[debug] [2023-11-18T21:25:10.869Z] <<< [apiv2][body] GET https://firebase.googleapis.com/v1beta1/projects/charlie-website-2550b/adminSdkConfig {"projectId":"charlie-website-2550b","storageBucket":"charlie-website-2550b.appspot.com"}
[debug] [2023-11-18T21:25:10.891Z] [functions] Watching "/workspaces/charlie-website/functions" for Cloud Functions...
[debug] [2023-11-18T21:25:10.894Z] Validating nodejs source
[debug] [2023-11-18T21:25:11.314Z] > [functions] package.json contents: {
  "name": "functions",
  "description": "Cloud Functions for Firebase",
  "scripts": {
    "serve": "firebase emulators:start --only functions",
    "shell": "firebase functions:shell",
    "start": "npm run shell",
    "deploy": "firebase deploy --only functions",
    "logs": "firebase functions:log"
  },
  "engines": {
    "node": "18"
  },
  "main": "index.js",
  "dependencies": {
    "firebase-admin": "^11.8.0",
    "firebase-functions": "^4.5.0"
  },
  "devDependencies": {
    "firebase-functions-test": "^3.1.0"
  },
  "private": true
}
[debug] [2023-11-18T21:25:11.314Z] Building nodejs source
[debug] [2023-11-18T21:25:11.315Z] Failed to find version of module node: reached end of search path /workspaces/charlie-website/functions/node_modules
[info] ✔  functions: Using node@18 from host. 
[debug] [2023-11-18T21:25:11.318Z] Could not find functions.yaml. Must use http discovery
[debug] [2023-11-18T21:25:11.321Z] Found firebase-functions binary at '/workspaces/charlie-website/functions/node_modules/.bin/firebase-functions'
[info] Serving at port 8809

[debug] [2023-11-18T21:25:11.742Z] Got response from /__/functions.yaml {"endpoints":{"getPosts":{"platform":"gcfv1","availableMemoryMb":null,"timeoutSeconds":null,"minInstances":null,"maxInstances":null,"ingressSettings":null,"serviceAccountEmail":null,"vpc":null,"httpsTrigger":{},"entryPoint":"getPosts"},"createPost":{"platform":"gcfv1","labels":{},"availableMemoryMb":null,"timeoutSeconds":null,"minInstances":null,"maxInstances":null,"ingressSettings":null,"serviceAccountEmail":null,"vpc":null,"callableTrigger":{},"entryPoint":"createPost"},"editPost":{"platform":"gcfv1","labels":{},"availableMemoryMb":null,"timeoutSeconds":null,"minInstances":null,"maxInstances":null,"ingressSettings":null,"serviceAccountEmail":null,"vpc":null,"callableTrigger":{},"entryPoint":"editPost"},"deletePost":{"platform":"gcfv1","labels":{},"availableMemoryMb":null,"timeoutSeconds":null,"minInstances":null,"maxInstances":null,"ingressSettings":null,"serviceAccountEmail":null,"vpc":null,"callableTrigger":{},"entryPoint":"deletePost"},"getComments":{"platform":"gcfv1","availableMemoryMb":null,"timeoutSeconds":null,"minInstances":null,"maxInstances":null,"ingressSettings":null,"serviceAccountEmail":null,"vpc":null,"httpsTrigger":{},"entryPoint":"getComments"},"createComment":{"platform":"gcfv1","labels":{},"availableMemoryMb":null,"timeoutSeconds":null,"minInstances":null,"maxInstances":null,"ingressSettings":null,"serviceAccountEmail":null,"vpc":null,"callableTrigger":{},"entryPoint":"createComment"},"editComment":{"platform":"gcfv1","labels":{},"availableMemoryMb":null,"timeoutSeconds":null,"minInstances":null,"maxInstances":null,"ingressSettings":null,"serviceAccountEmail":null,"vpc":null,"callableTrigger":{},"entryPoint":"editComment"},"deleteComment":{"platform":"gcfv1","labels":{},"availableMemoryMb":null,"timeoutSeconds":null,"minInstances":null,"maxInstances":null,"ingressSettings":null,"serviceAccountEmail":null,"vpc":null,"callableTrigger":{},"entryPoint":"deleteComment"}},"specVersion":"v1alpha1","requiredAPIs":[]}
[debug] [2023-11-18T21:25:11.768Z] [functions] Loaded functions definitions from source: getPosts, createPost, editPost, deletePost, getComments, createComment, editComment, deleteComment.
[debug] [2023-11-18T21:25:11.769Z] [functions[us-central1-getPosts]] http function initialized (http://127.0.0.1:5000/charlie-website-2550b/us-central1/getPosts).
[debug] [2023-11-18T21:25:11.769Z] [functions[us-central1-createPost]] http function initialized (http://127.0.0.1:5000/charlie-website-2550b/us-central1/createPost).
[debug] [2023-11-18T21:25:11.770Z] [functions[us-central1-editPost]] http function initialized (http://127.0.0.1:5000/charlie-website-2550b/us-central1/editPost).
[debug] [2023-11-18T21:25:11.770Z] [functions[us-central1-deletePost]] http function initialized (http://127.0.0.1:5000/charlie-website-2550b/us-central1/deletePost).
[debug] [2023-11-18T21:25:11.770Z] [functions[us-central1-getComments]] http function initialized (http://127.0.0.1:5000/charlie-website-2550b/us-central1/getComments).
[debug] [2023-11-18T21:25:11.770Z] [functions[us-central1-createComment]] http function initialized (http://127.0.0.1:5000/charlie-website-2550b/us-central1/createComment).
[debug] [2023-11-18T21:25:11.771Z] [functions[us-central1-editComment]] http function initialized (http://127.0.0.1:5000/charlie-website-2550b/us-central1/editComment).
[debug] [2023-11-18T21:25:11.771Z] [functions[us-central1-deleteComment]] http function initialized (http://127.0.0.1:5000/charlie-website-2550b/us-central1/deleteComment).
[info] i  functions: Loaded functions: getPosts, createPost, editPost, deletePost, getComments, createComment, editComment, deleteComment 
[warn] ⚠  functions: The following emulators are not running, calls to these services will affect production: firestore, database, pubsub, storage, eventarc 
